C:\USERS\KEK\DOCUMENTS\VISUAL STUDIO 2012\PROJECTS\VM_EMULATING\VM_EMULATING\RELEASE\VM_EMULATING.PCH
C:\USERS\KEK\DOCUMENTS\VISUAL STUDIO 2012\PROJECTS\VM_EMULATING\VM_EMULATING\RELEASE\STDAFX.OBJ
C:\USERS\KEK\DOCUMENTS\VISUAL STUDIO 2012\PROJECTS\VM_EMULATING\VM_EMULATING\RELEASE\VC110.PDB
C:\USERS\KEK\DOCUMENTS\VISUAL STUDIO 2012\PROJECTS\VM_EMULATING\VM_EMULATING\RELEASE\VM_EMULATING.OBJ
C:\USERS\KEK\DOCUMENTS\VISUAL STUDIO 2012\PROJECTS\VM_EMULATING\RELEASE\VM_EMULATING.EXE
C:\USERS\KEK\DOCUMENTS\VISUAL STUDIO 2012\PROJECTS\VM_EMULATING\RELEASE\VM_EMULATING.PDB
C:\USERS\KEK\DOCUMENTS\VISUAL STUDIO 2012\PROJECTS\VM_EMULATING\VM_EMULATING\RELEASE\VM_EMULATING.RES
C:\Users\kek\Documents\Visual Studio 2012\Projects\VM_emulating\VM_emulating\Release\stdafx.obj
C:\Users\kek\Documents\Visual Studio 2012\Projects\VM_emulating\VM_emulating\Release\VM_emulating.obj
C:\Users\kek\Documents\Visual Studio 2012\Projects\VM_emulating\VM_emulating\Release\cl.command.1.tlog
C:\Users\kek\Documents\Visual Studio 2012\Projects\VM_emulating\VM_emulating\Release\CL.read.1.tlog
C:\Users\kek\Documents\Visual Studio 2012\Projects\VM_emulating\VM_emulating\Release\CL.write.1.tlog
C:\Users\kek\Documents\Visual Studio 2012\Projects\VM_emulating\VM_emulating\Release\link-cvtres.read.1.tlog
C:\Users\kek\Documents\Visual Studio 2012\Projects\VM_emulating\VM_emulating\Release\link-cvtres.write.1.tlog
C:\Users\kek\Documents\Visual Studio 2012\Projects\VM_emulating\VM_emulating\Release\link-rc.read.1.tlog
C:\Users\kek\Documents\Visual Studio 2012\Projects\VM_emulating\VM_emulating\Release\link-rc.write.1.tlog
C:\Users\kek\Documents\Visual Studio 2012\Projects\VM_emulating\VM_emulating\Release\link.command.1.tlog
C:\Users\kek\Documents\Visual Studio 2012\Projects\VM_emulating\VM_emulating\Release\link.read.1.tlog
C:\Users\kek\Documents\Visual Studio 2012\Projects\VM_emulating\VM_emulating\Release\link.write.1.tlog
C:\Users\kek\Documents\Visual Studio 2012\Projects\VM_emulating\VM_emulating\Release\rc.command.1.tlog
C:\Users\kek\Documents\Visual Studio 2012\Projects\VM_emulating\VM_emulating\Release\rc.read.1.tlog
C:\Users\kek\Documents\Visual Studio 2012\Projects\VM_emulating\VM_emulating\Release\rc.write.1.tlog
C:\Users\kek\Documents\Visual Studio 2012\Projects\VM_emulating\VM_emulating\Release\VM_emulating.res
C:\Users\kek\Documents\Visual Studio 2012\Projects\VM_emulating\VM_emulating\Release\VM_emulating.pch
C:\Users\kek\Documents\Visual Studio 2012\Projects\VM_emulating\VM_emulating\Release\vc110.pdb
C:\Users\kek\Documents\Visual Studio 2012\Projects\VM_emulating\Release\VM_emulating.pdb
C:\Users\kek\Documents\Visual Studio 2012\Projects\VM_emulating\Release\VM_emulating.exe
