Построение начато 06.05.2016 22:39:44.
     1>Проект "C:\Users\kek\Documents\Visual Studio 2012\Projects\VM_emulating\VM_emulating\VM_emulating.vcxproj" в узле 2 (целевые объекты Build).
     1>ClCompile:
         C:\Program Files (x86)\Microsoft Visual Studio 11.0\VC\bin\CL.exe /c /Zi /nologo /W3 /WX- /sdl /O2 /Oi /Oy- /GL /D WIN32 /D NDEBUG /D _WINDOWS /D _MBCS /Gm- /EHsc /MD /GS /Gy /fp:precise /Zc:wchar_t /Zc:forScope /Yc"stdafx.h" /Fp"Release\VM_emulating.pch" /Fo"Release\\" /Fd"Release\vc110.pdb" /Gd /TP /analyze- /errorReport:prompt stdafx.cpp
         stdafx.cpp
         C:\Program Files (x86)\Microsoft Visual Studio 11.0\VC\bin\CL.exe /c /Zi /nologo /W3 /WX- /sdl /O2 /Oi /Oy- /GL /D WIN32 /D NDEBUG /D _WINDOWS /D _MBCS /Gm- /EHsc /MD /GS /Gy /fp:precise /Zc:wchar_t /Zc:forScope /Yu"stdafx.h" /Fp"Release\VM_emulating.pch" /Fo"Release\\" /Fd"Release\vc110.pdb" /Gd /TP /analyze- /errorReport:prompt VM_emulating.cpp
         VM_emulating.cpp
     1>VM_emulating.cpp(1): warning C4603: WINVER: макрос не определен или определение изменилось после использования предкомпилированного заголовка
                 Добавление макроопределения в предкомпилированный заголовок вместо определения его здесь
                 VM_emulating.cpp(19): использование предкомпилированного заголовка
     1>VM_emulating.cpp(2): warning C4603: _WIN32_WINNT: макрос не определен или определение изменилось после использования предкомпилированного заголовка
                 Добавление макроопределения в предкомпилированный заголовок вместо определения его здесь
                 VM_emulating.cpp(19): использование предкомпилированного заголовка
     1>VM_emulating.cpp(3): warning C4603: _WIN32_WINDOWS: макрос не определен или определение изменилось после использования предкомпилированного заголовка
                 Добавление макроопределения в предкомпилированный заголовок вместо определения его здесь
                 VM_emulating.cpp(19): использование предкомпилированного заголовка
     1>VM_emulating.cpp(4): warning C4603: _WIN32_IE: макрос не определен или определение изменилось после использования предкомпилированного заголовка
                 Добавление макроопределения в предкомпилированный заголовок вместо определения его здесь
                 VM_emulating.cpp(19): использование предкомпилированного заголовка
     1>VM_emulating.cpp(6): warning C4603: MAX_LOADSTRING: макрос не определен или определение изменилось после использования предкомпилированного заголовка
                 Добавление макроопределения в предкомпилированный заголовок вместо определения его здесь
                 VM_emulating.cpp(19): использование предкомпилированного заголовка
     1>VM_emulating.cpp(7): warning C4603: COPYRIGHT_ADOBE_FUCKAV_RU: макрос не определен или определение изменилось после использования предкомпилированного заголовка
                 Добавление макроопределения в предкомпилированный заголовок вместо определения его здесь
                 VM_emulating.cpp(19): использование предкомпилированного заголовка
     1>VM_emulating.cpp(63): warning C4101: szFileName: неиспользованная локальная переменная
       ResourceCompile:
         C:\Program Files (x86)\Windows Kits\8.0\bin\x86\rc.exe /l"0x0409" /nologo /fo"Release\VM_emulating.res" VM_emulating.rc 
       Link:
         C:\Program Files (x86)\Microsoft Visual Studio 11.0\VC\bin\link.exe /ERRORREPORT:PROMPT /OUT:"C:\Users\kek\Documents\Visual Studio 2012\Projects\VM_emulating\Release\VM_emulating.exe" /INCREMENTAL:NO /NOLOGO kernel32.lib user32.lib gdi32.lib winspool.lib comdlg32.lib advapi32.lib shell32.lib ole32.lib oleaut32.lib uuid.lib odbc32.lib odbccp32.lib /MANIFEST /MANIFESTUAC:"level='requireAdministrator' uiAccess='false'" /manifest:embed /DEBUG /PDB:"C:\Users\kek\Documents\Visual Studio 2012\Projects\VM_emulating\Release\VM_emulating.pdb" /SUBSYSTEM:WINDOWS /OPT:REF /OPT:ICF /LTCG /TLBID:1 /DYNAMICBASE /NXCOMPAT /IMPLIB:"C:\Users\kek\Documents\Visual Studio 2012\Projects\VM_emulating\Release\VM_emulating.lib" /MACHINE:X86 /SAFESEH Release\VM_emulating.res
         Release\stdafx.obj
         Release\VM_emulating.obj
         Создание кода
         Создание кода завершено
         VM_emulating.vcxproj -> C:\Users\kek\Documents\Visual Studio 2012\Projects\VM_emulating\Release\VM_emulating.exe
     1>Построение проекта "C:\Users\kek\Documents\Visual Studio 2012\Projects\VM_emulating\VM_emulating\VM_emulating.vcxproj" завершено (целевые объекты Build).

Построение успешно завершено.

Затраченное время: 00:00:02.96
